<?xml version="1.0" encoding="UTF-8"?>
<testsuite name="SingletonTest" tests="1" skipped="0" failures="0" errors="0" timestamp="2015-02-12T11:57:55" hostname="INTejaswini.local" time="0.0030">
  <properties/>
  <testcase name="testGetInstance" classname="SingletonTest" time="0.0030"/>
  <system-out><![CDATA[]]></system-out>
  <system-err><![CDATA[]]></system-err>
</testsuite>
